<?xml version="1.0" encoding="UTF-8"?>
<!-- Generated by org.testng.reporters.JUnitReportReporter -->
<testsuite hostname="DESKTOP-5BS10NK" failures="0" tests="1" name="com.searchproduct.test.Product" time="18.417" errors="0" timestamp="2024-05-06T21:39:52 IST" skipped="0">
  <testcase classname="com.searchproduct.test.Product" name="launchBrowser" time="18.417"/>
  <system-out/>
</testsuite> <!-- com.searchproduct.test.Product -->
